<xml>
  <privateToken>private_token</privateToken>
  <baseUrl>base-url</baseUrl>
</xml>
